<?xml version="1.0" encoding="UTF-8"?>
<!-- Generated by org.testng.reporters.JUnitReportReporter -->
<testsuite skipped="0" hostname="SIPL-39" name="com.tourisz.Test.Login_Test" tests="1" failures="0" timestamp="13 Jun 2019 08:38:41 GMT" time="63.544" errors="0">
  <testcase name="TC_04_Login" time="63.544" classname="com.tourisz.Test.Login_Test"/>
</testsuite> <!-- com.tourisz.Test.Login_Test -->
