<?xml version="1.0" encoding="UTF-8"?>
<!-- Generated by org.testng.reporters.JUnitReportReporter -->
<testsuite name="com.tourisz.Test.Login_Test" tests="1" time="30.263" ignored="0" failures="0" timestamp="31 May 2019 10:21:11 GMT" skipped="0" hostname="SIPL-39" errors="0">
  <testcase name="TC_04_Login" time="30.263" classname="com.tourisz.Test.Login_Test"/>
</testsuite> <!-- com.tourisz.Test.Login_Test -->
