<?xml version="1.0" encoding="UTF-8"?>
<!-- Generated by org.testng.reporters.JUnitReportReporter -->
<testsuite skipped="0" hostname="SIPL-39" name="com.tourisz.Test.Login_Test" tests="1" failures="0" timestamp="30 May 2019 06:52:06 GMT" time="28.957" errors="0">
  <testcase name="TC_04_Login" time="28.957" classname="com.tourisz.Test.Login_Test"/>
</testsuite> <!-- com.tourisz.Test.Login_Test -->
