<?xml version="1.0" encoding="UTF-8"?>
<!-- Generated by org.testng.reporters.JUnitReportReporter -->
<testsuite skipped="0" hostname="SIPL-Su139" name="ClockTest" tests="1" failures="0" timestamp="03 Jan 2019 05:58:31 GMT" time="0.849" errors="0">
  <testcase name="testClock" time="0.849" classname="ClockTest"/>
</testsuite> <!-- ClockTest -->
