<?xml version="1.0" encoding="UTF-8"?>
<!-- Generated by org.testng.reporters.JUnitReportReporter -->
<testsuite skipped="0" hostname="SIPL-Su139" name="Selendroid" tests="1" failures="0" timestamp="26 Nov 2018 07:44:48 GMT" time="6.252" errors="0">
  <testcase name="testApp" time="6.252" classname="Selendroid"/>
</testsuite> <!-- Selendroid -->
