<?xml version="1.0" encoding="UTF-8"?>
<!-- Generated by org.testng.reporters.JUnitReportReporter -->
<testsuite skipped="0" hostname="SIPL-141" name="com.tourisz.Test.HomePage_Test" tests="1" failures="0" timestamp="12 Feb 2019 08:58:45 GMT" time="75.802" errors="0">
  <testcase name="homePageElement" time="75.802" classname="com.tourisz.Test.HomePage_Test"/>
</testsuite> <!-- com.tourisz.Test.HomePage_Test -->
