<?xml version="1.0" encoding="UTF-8"?>
<!-- Generated by org.testng.reporters.JUnitReportReporter -->
<testsuite skipped="0" hostname="SIPL-Su139" name="FirstTest" tests="1" failures="0" timestamp="24 Nov 2018 06:41:28 GMT" time="22.072" errors="0">
  <testcase name="firstAppiumTest" time="22.072" classname="FirstTest"/>
</testsuite> <!-- FirstTest -->
