<?xml version="1.0" encoding="UTF-8"?>
<!-- Generated by org.testng.reporters.JUnitReportReporter -->
<testsuite skipped="0" hostname="SIPL-144" name="com.talentric.Test.HomePage_Test" tests="1" failures="0" timestamp="08 Feb 2019 05:49:07 GMT" time="49.457" errors="0">
  <testcase name="homePageElement" time="49.457" classname="com.talentric.Test.HomePage_Test"/>
</testsuite> <!-- com.talentric.Test.HomePage_Test -->
