<?xml version="1.0" encoding="UTF-8"?>
<!-- Generated by org.testng.reporters.JUnitReportReporter -->
<testsuite skipped="0" hostname="SIPL-144" name="com.talentric.Test.Login_Test" tests="1" failures="0" timestamp="08 Feb 2019 05:45:27 GMT" time="18.319" errors="0">
  <testcase name="TC_001" time="18.319" classname="com.talentric.Test.Login_Test"/>
</testsuite> <!-- com.talentric.Test.Login_Test -->
