<?xml version="1.0" encoding="UTF-8"?>
<!-- Generated by org.testng.reporters.JUnitReportReporter -->
<testsuite skipped="0" hostname="SIPL-144" name="com.talentric.Utilities.Create_TestNGXML" tests="1" failures="0" timestamp="08 Feb 2019 05:49:07 GMT" time="55.494" errors="0">
  <testcase name="createXMLfile" time="55.494" classname="com.talentric.Utilities.Create_TestNGXML"/>
</testsuite> <!-- com.talentric.Utilities.Create_TestNGXML -->
