<?xml version="1.0" encoding="UTF-8"?>
<!-- Generated by org.testng.reporters.JUnitReportReporter -->
<testsuite skipped="0" hostname="SIPL-39" name="com.tourisz.Utilities.Create_TestNGXML" tests="1" failures="0" timestamp="13 Jun 2019 08:38:41 GMT" time="69.454" errors="0">
  <testcase name="createXMLfile" time="69.454" classname="com.tourisz.Utilities.Create_TestNGXML"/>
</testsuite> <!-- com.tourisz.Utilities.Create_TestNGXML -->
