<?xml version="1.0" encoding="UTF-8"?>
<!-- Generated by org.testng.reporters.JUnitReportReporter -->
<testsuite skipped="0" hostname="SIPL-141" name="com.tourisz.Test.HotelBooking_Test" tests="1" failures="0" timestamp="21 Feb 2019 09:50:47 GMT" time="22.661" errors="0">
  <testcase name="TC_05_HotelBooking" time="22.661" classname="com.tourisz.Test.HotelBooking_Test"/>
</testsuite> <!-- com.tourisz.Test.HotelBooking_Test -->
