<?xml version="1.0" encoding="UTF-8"?>
<!-- Generated by org.testng.reporters.JUnitReportReporter -->
<testsuite skipped="0" hostname="SIPL-Su139" name="WordPress" tests="1" failures="0" timestamp="24 Nov 2018 13:32:41 GMT" time="23.052" errors="0">
  <testcase name="login" time="23.052" classname="WordPress"/>
</testsuite> <!-- WordPress -->
