<?xml version="1.0" encoding="UTF-8"?>
<!-- Generated by org.testng.reporters.JUnitReportReporter -->
<testsuite name="com.tourisz.Utilities.Create_TestNGXML" tests="1" time="35.125" ignored="0" failures="0" timestamp="31 May 2019 10:21:11 GMT" skipped="0" hostname="SIPL-39" errors="0">
  <testcase name="createXMLfile" time="35.125" classname="com.tourisz.Utilities.Create_TestNGXML"/>
</testsuite> <!-- com.tourisz.Utilities.Create_TestNGXML -->
