<?xml version="1.0" encoding="UTF-8"?>
<!-- Generated by org.testng.reporters.JUnitReportReporter -->
<testsuite name="com.tourisz.Utilities.Create_TestNGXML" tests="1" time="14.706" ignored="0" failures="0" timestamp="06 Jun 2019 06:24:55 GMT" skipped="0" hostname="SIPL-39" errors="0">
  <testcase name="createXMLfile" time="14.706" classname="com.tourisz.Utilities.Create_TestNGXML"/>
</testsuite> <!-- com.tourisz.Utilities.Create_TestNGXML -->
